生成启动时间为 2018/1/24 11:48:45。
     1>项目“E:\ChenYuhong\Scope\Scope\Scope.vcxproj”在节点 2 上(build 个目标)。
     1>InitializeBuildStatus:
         正在创建“Debug\Scope.unsuccessfulbuild”，因为已指定“AlwaysCreate”。
       ClCompile:
         D:\installSoftware\Microsoft Visual Studio 10.0\VC\bin\CL.exe /c /ZI /nologo /W3 /WX- /Od /Oy- /D WIN32 /D _DEBUG /D _CONSOLE /D _UNICODE /D UNICODE /Gm /EHsc /RTC1 /MDd /GS /fp:precise /Zc:wchar_t /Zc:forScope /Fo"Debug\\" /Fd"Debug\vc100.pdb" /Gd /TP /analyze- /errorReport:prompt Scope.cpp
         Scope.cpp
       ManifestResourceCompile:
         所有输出均为最新。
       Link:
         D:\installSoftware\Microsoft Visual Studio 10.0\VC\bin\link.exe /ERRORREPORT:PROMPT /OUT:"E:\ChenYuhong\Scope\Debug\Scope.exe" /INCREMENTAL /NOLOGO kernel32.lib user32.lib gdi32.lib winspool.lib comdlg32.lib advapi32.lib shell32.lib ole32.lib oleaut32.lib uuid.lib odbc32.lib odbccp32.lib /MANIFEST /ManifestFile:"Debug\Scope.exe.intermediate.manifest" /MANIFESTUAC:"level='asInvoker' uiAccess='false'" /DEBUG /PDB:"E:\ChenYuhong\Scope\Debug\Scope.pdb" /SUBSYSTEM:CONSOLE /TLBID:1 /DYNAMICBASE /NXCOMPAT /IMPLIB:"E:\ChenYuhong\Scope\Debug\Scope.lib" /MACHINE:X86 Debug\Scope.exe.embed.manifest.res
         Debug\Scope.obj
         visa32.lib
       Manifest:
         C:\Program Files (x86)\Microsoft SDKs\Windows\v7.0A\bin\mt.exe /nologo /verbose /out:"Debug\Scope.exe.embed.manifest" /manifest Debug\Scope.exe.intermediate.manifest
         所有输出均为最新。
       LinkEmbedManifest:
         所有输出均为最新。
         Scope.vcxproj -> E:\ChenYuhong\Scope\Debug\Scope.exe
       FinalizeBuildStatus:
         正在删除文件“Debug\Scope.unsuccessfulbuild”。
         正在对“Debug\Scope.lastbuildstate”执行 Touch 任务。
     1>已完成生成项目“E:\ChenYuhong\Scope\Scope\Scope.vcxproj”(build 个目标)的操作。

生成成功。

已用时间 00:00:00.76
